Loaded plugins: fastestmirror, langpacks
Loading mirror speeds from cached hostfile
 * base: mirror.ufs.ac.za
 * epel: mirrors.coreix.net
 * extras: mirror.ufs.ac.za
 * nux-dextop: li.nux.ro
 * updates: mirror.ufs.ac.za
No package python-ipython available.
Package opencv-python-2.4.5-3.el7.x86_64 already installed and latest version
Package 1:numpy-1.7.1-10.el7.x86_64 already installed and latest version
Package SDL-1.2.15-11.el7.x86_64 already installed and latest version
Resolving Dependencies
--> Running transaction check
---> Package SDL-devel.x86_64 0:1.2.15-11.el7 will be installed
--> Processing Dependency: mesa-libGLU-devel for package: SDL-devel-1.2.15-11.el7.x86_64
--> Processing Dependency: mesa-libGL-devel for package: SDL-devel-1.2.15-11.el7.x86_64
--> Processing Dependency: libXrender-devel for package: SDL-devel-1.2.15-11.el7.x86_64
--> Processing Dependency: libXrandr-devel for package: SDL-devel-1.2.15-11.el7.x86_64
--> Processing Dependency: libXext-devel for package: SDL-devel-1.2.15-11.el7.x86_64
--> Processing Dependency: libX11-devel for package: SDL-devel-1.2.15-11.el7.x86_64
--> Processing Dependency: alsa-lib-devel for package: SDL-devel-1.2.15-11.el7.x86_64
---> Package cmake.x86_64 0:2.8.11-4.el7 will be installed
---> Package libpng-devel.x86_64 2:1.5.13-5.el7 will be installed
---> Package pygame.x86_64 0:1.9.1-15.el7.nux will be installed
--> Processing Dependency: libportmidi.so.0()(64bit) for package: pygame-1.9.1-15.el7.nux.x86_64
--> Processing Dependency: libSDL_ttf-2.0.so.0()(64bit) for package: pygame-1.9.1-15.el7.nux.x86_64
--> Processing Dependency: libSDL_mixer-1.2.so.0()(64bit) for package: pygame-1.9.1-15.el7.nux.x86_64
--> Processing Dependency: libSDL_image-1.2.so.0()(64bit) for package: pygame-1.9.1-15.el7.nux.x86_64
---> Package scipy.x86_64 0:0.12.1-3.el7 will be installed
--> Processing Dependency: python-six for package: scipy-0.12.1-3.el7.x86_64
--> Processing Dependency: f2py for package: scipy-0.12.1-3.el7.x86_64
--> Processing Dependency: libumfpack.so.5()(64bit) for package: scipy-0.12.1-3.el7.x86_64
--> Processing Dependency: libamd.so.2()(64bit) for package: scipy-0.12.1-3.el7.x86_64
---> Package tesseract.x86_64 0:3.02.02-4.el7.nux will be installed
--> Processing Dependency: liblept.so.3()(64bit) for package: tesseract-3.02.02-4.el7.nux.x86_64
--> Running transaction check
---> Package SDL_image.x86_64 0:1.2.12-11.el7 will be installed
---> Package SDL_mixer.x86_64 0:1.2.12-4.el7 will be installed
--> Processing Dependency: libmikmod for package: SDL_mixer-1.2.12-4.el7.x86_64
---> Package SDL_ttf.x86_64 0:2.0.11-4.el7.nux will be installed
---> Package alsa-lib-devel.x86_64 0:1.0.27.2-3.el7 will be installed
---> Package leptonica.x86_64 0:1.69-9.el7.nux will be installed
---> Package libX11-devel.x86_64 0:1.6.0-2.1.el7 will be installed
--> Processing Dependency: pkgconfig(xcb) >= 1.1.92 for package: libX11-devel-1.6.0-2.1.el7.x86_64
--> Processing Dependency: pkgconfig(xproto) for package: libX11-devel-1.6.0-2.1.el7.x86_64
--> Processing Dependency: pkgconfig(xcb) for package: libX11-devel-1.6.0-2.1.el7.x86_64
--> Processing Dependency: pkgconfig(kbproto) for package: libX11-devel-1.6.0-2.1.el7.x86_64
---> Package libXext-devel.x86_64 0:1.3.2-2.1.el7 will be installed
---> Package libXrandr-devel.x86_64 0:1.4.1-2.1.el7 will be installed
---> Package libXrender-devel.x86_64 0:0.9.8-2.1.el7 will be installed
---> Package mesa-libGL-devel.x86_64 0:9.2.5-6.20131218.el7_0 will be installed
--> Processing Dependency: pkgconfig(libdrm) >= 2.4.24 for package: mesa-libGL-devel-9.2.5-6.20131218.el7_0.x86_64
--> Processing Dependency: pkgconfig(xxf86vm) for package: mesa-libGL-devel-9.2.5-6.20131218.el7_0.x86_64
--> Processing Dependency: pkgconfig(xfixes) for package: mesa-libGL-devel-9.2.5-6.20131218.el7_0.x86_64
--> Processing Dependency: pkgconfig(xdamage) for package: mesa-libGL-devel-9.2.5-6.20131218.el7_0.x86_64
--> Processing Dependency: gl-manpages for package: mesa-libGL-devel-9.2.5-6.20131218.el7_0.x86_64
---> Package mesa-libGLU-devel.x86_64 0:9.0.0-4.el7 will be installed
---> Package numpy-f2py.x86_64 1:1.7.1-10.el7 will be installed
--> Processing Dependency: python-devel for package: 1:numpy-f2py-1.7.1-10.el7.x86_64
---> Package portmidi.x86_64 0:217-11.el7.nux will be installed
---> Package python-six.noarch 0:1.3.0-4.el7 will be installed
---> Package suitesparse.x86_64 0:4.0.2-10.el7 will be installed
--> Processing Dependency: libtbbmalloc.so.2()(64bit) for package: suitesparse-4.0.2-10.el7.x86_64
--> Processing Dependency: libtbb.so.2()(64bit) for package: suitesparse-4.0.2-10.el7.x86_64
--> Running transaction check
---> Package gl-manpages.noarch 0:1.1-7.20130122.el7 will be installed
---> Package libXdamage-devel.x86_64 0:1.1.4-4.1.el7 will be installed
---> Package libXfixes-devel.x86_64 0:5.0.1-2.1.el7 will be installed
---> Package libXxf86vm-devel.x86_64 0:1.1.3-2.1.el7 will be installed
---> Package libdrm-devel.x86_64 0:2.4.50-1.1.el7 will be installed
---> Package libmikmod.x86_64 0:3.2.0-21.el7 will be installed
---> Package libxcb-devel.x86_64 0:1.9-5.el7 will be installed
--> Processing Dependency: pkgconfig(xau) >= 0.99.2 for package: libxcb-devel-1.9-5.el7.x86_64
---> Package python-devel.x86_64 0:2.7.5-16.el7 will be installed
---> Package tbb.x86_64 0:4.1-5.20130314.el7 will be installed
---> Package xorg-x11-proto-devel.noarch 0:7.7-8.el7.1 will be installed
--> Running transaction check
---> Package libXau-devel.x86_64 0:1.0.8-2.1.el7 will be installed
--> Finished Dependency Resolution

Dependencies Resolved

================================================================================
 Package                Arch     Version                     Repository    Size
================================================================================
Installing:
 SDL-devel              x86_64   1.2.15-11.el7               base         354 k
 cmake                  x86_64   2.8.11-4.el7                base         6.7 M
 libpng-devel           x86_64   2:1.5.13-5.el7              base         121 k
 pygame                 x86_64   1.9.1-15.el7.nux            nux-dextop   2.1 M
 scipy                  x86_64   0.12.1-3.el7                base         9.3 M
 tesseract              x86_64   3.02.02-4.el7.nux           nux-dextop    11 M
Installing for dependencies:
 SDL_image              x86_64   1.2.12-11.el7               epel          42 k
 SDL_mixer              x86_64   1.2.12-4.el7                epel          91 k
 SDL_ttf                x86_64   2.0.11-4.el7.nux            nux-dextop    22 k
 alsa-lib-devel         x86_64   1.0.27.2-3.el7              base         891 k
 gl-manpages            noarch   1.1-7.20130122.el7          base         994 k
 leptonica              x86_64   1.69-9.el7.nux              nux-dextop   710 k
 libX11-devel           x86_64   1.6.0-2.1.el7               base         979 k
 libXau-devel           x86_64   1.0.8-2.1.el7               base          14 k
 libXdamage-devel       x86_64   1.1.4-4.1.el7               base         9.7 k
 libXext-devel          x86_64   1.3.2-2.1.el7               base          74 k
 libXfixes-devel        x86_64   5.0.1-2.1.el7               base          13 k
 libXrandr-devel        x86_64   1.4.1-2.1.el7               base          20 k
 libXrender-devel       x86_64   0.9.8-2.1.el7               base          16 k
 libXxf86vm-devel       x86_64   1.1.3-2.1.el7               base          18 k
 libdrm-devel           x86_64   2.4.50-1.1.el7              base          88 k
 libmikmod              x86_64   3.2.0-21.el7                epel         138 k
 libxcb-devel           x86_64   1.9-5.el7                   base         1.0 M
 mesa-libGL-devel       x86_64   9.2.5-6.20131218.el7_0      updates      129 k
 mesa-libGLU-devel      x86_64   9.0.0-4.el7                 base         9.0 k
 numpy-f2py             x86_64   1:1.7.1-10.el7              base         205 k
 portmidi               x86_64   217-11.el7.nux              nux-dextop    26 k
 python-devel           x86_64   2.7.5-16.el7                base         388 k
 python-six             noarch   1.3.0-4.el7                 base          18 k
 suitesparse            x86_64   4.0.2-10.el7                base         928 k
 tbb                    x86_64   4.1-5.20130314.el7          base         123 k
 xorg-x11-proto-devel   noarch   7.7-8.el7.1                 base         281 k

Transaction Summary
================================================================================
Install  6 Packages (+26 Dependent packages)

Total download size: 36 M
Installed size: 135 M
Downloading packages:
warning: /var/cache/yum/x86_64/7/nux-dextop/packages/SDL_ttf-2.0.11-4.el7.nux.x86_64.rpm: Header V4 RSA/SHA1 Signature, key ID 85c6cd8a: NOKEY
Public key for SDL_ttf-2.0.11-4.el7.nux.x86_64.rpm is not installed
http://mirror.ufs.ac.za/centos/7.0.1406/os/x86_64/Packages/libX11-devel-1.6.0-2.1.el7.x86_64.rpm: [Errno 14] curl#7 - "Failed to connect to 2001:4200:5000:fffd::6: Network is unreachable"
Trying other mirror.
http://mirror.ufs.ac.za/centos/7.0.1406/os/x86_64/Packages/libpng-devel-1.5.13-5.el7.x86_64.rpm: [Errno 14] curl#7 - "Failed to connect to 2001:4200:5000:fffd::6: Network is unreachable"
Trying other mirror.
http://mirror.ufs.ac.za/centos/7.0.1406/os/x86_64/Packages/libxcb-devel-1.9-5.el7.x86_64.rpm: [Errno 14] curl#7 - "Failed to connect to 2001:4200:5000:fffd::6: Network is unreachable"
Trying other mirror.
--------------------------------------------------------------------------------
Total                                              191 kB/s |  36 MB  03:15     
Retrieving key from file:///etc/pki/rpm-gpg/RPM-GPG-KEY-nux.ro
Importing GPG key 0x85C6CD8A:
 Userid     : "Nux.Ro (rpm builder) <rpm@li.nux.ro>"
 Fingerprint: 561c 96bd 2f7f dc2a db5a fd46 e98b fbe7 85c6 cd8a
 Package    : nux-dextop-release-0-5.el7.nux.noarch (installed)
 From       : /etc/pki/rpm-gpg/RPM-GPG-KEY-nux.ro
Running transaction check
Running transaction test
Transaction test succeeded
Running transaction
Warning: RPMDB altered outside of yum.
  Installing : xorg-x11-proto-devel-7.7-8.el7.1.noarch                     1/32 
  Installing : gl-manpages-1.1-7.20130122.el7.noarch                       2/32 
  Installing : libXau-devel-1.0.8-2.1.el7.x86_64                           3/32 
  Installing : libxcb-devel-1.9-5.el7.x86_64                               4/32 
  Installing : libX11-devel-1.6.0-2.1.el7.x86_64                           5/32 
  Installing : libXext-devel-1.3.2-2.1.el7.x86_64                          6/32 
  Installing : libXrender-devel-0.9.8-2.1.el7.x86_64                       7/32 
  Installing : libXfixes-devel-5.0.1-2.1.el7.x86_64                        8/32 
  Installing : libXdamage-devel-1.1.4-4.1.el7.x86_64                       9/32 
  Installing : libXrandr-devel-1.4.1-2.1.el7.x86_64                       10/32 
  Installing : libXxf86vm-devel-1.1.3-2.1.el7.x86_64                      11/32 
  Installing : alsa-lib-devel-1.0.27.2-3.el7.x86_64                       12/32 
  Installing : libmikmod-3.2.0-21.el7.x86_64                              13/32 
  Installing : SDL_mixer-1.2.12-4.el7.x86_64                              14/32 
  Installing : SDL_ttf-2.0.11-4.el7.nux.x86_64                            15/32 
  Installing : python-devel-2.7.5-16.el7.x86_64                           16/32 
  Installing : 1:numpy-f2py-1.7.1-10.el7.x86_64                           17/32 
  Installing : portmidi-217-11.el7.nux.x86_64                             18/32 
  Installing : python-six-1.3.0-4.el7.noarch                              19/32 
  Installing : tbb-4.1-5.20130314.el7.x86_64                              20/32 
  Installing : suitesparse-4.0.2-10.el7.x86_64                            21/32 
  Installing : leptonica-1.69-9.el7.nux.x86_64                            22/32 
  Installing : libdrm-devel-2.4.50-1.1.el7.x86_64                         23/32 
  Installing : mesa-libGL-devel-9.2.5-6.20131218.el7_0.x86_64             24/32 
  Installing : mesa-libGLU-devel-9.0.0-4.el7.x86_64                       25/32 
  Installing : SDL_image-1.2.12-11.el7.x86_64                             26/32 
  Installing : pygame-1.9.1-15.el7.nux.x86_64                             27/32 
  Installing : SDL-devel-1.2.15-11.el7.x86_64                             28/32 
  Installing : tesseract-3.02.02-4.el7.nux.x86_64                         29/32 
  Installing : scipy-0.12.1-3.el7.x86_64                                  30/32 
  Installing : cmake-2.8.11-4.el7.x86_64                                  31/32 
  Installing : 2:libpng-devel-1.5.13-5.el7.x86_64                         32/32 
  Verifying  : SDL_image-1.2.12-11.el7.x86_64                              1/32 
  Verifying  : suitesparse-4.0.2-10.el7.x86_64                             2/32 
  Verifying  : libdrm-devel-2.4.50-1.1.el7.x86_64                          3/32 
  Verifying  : libXdamage-devel-1.1.4-4.1.el7.x86_64                       4/32 
  Verifying  : mesa-libGLU-devel-9.0.0-4.el7.x86_64                        5/32 
  Verifying  : leptonica-1.69-9.el7.nux.x86_64                             6/32 
  Verifying  : tbb-4.1-5.20130314.el7.x86_64                               7/32 
  Verifying  : libX11-devel-1.6.0-2.1.el7.x86_64                           8/32 
  Verifying  : libxcb-devel-1.9-5.el7.x86_64                               9/32 
  Verifying  : gl-manpages-1.1-7.20130122.el7.noarch                      10/32 
  Verifying  : libXext-devel-1.3.2-2.1.el7.x86_64                         11/32 
  Verifying  : libXrandr-devel-1.4.1-2.1.el7.x86_64                       12/32 
  Verifying  : python-six-1.3.0-4.el7.noarch                              13/32 
  Verifying  : libXrender-devel-0.9.8-2.1.el7.x86_64                      14/32 
  Verifying  : 1:numpy-f2py-1.7.1-10.el7.x86_64                           15/32 
  Verifying  : portmidi-217-11.el7.nux.x86_64                             16/32 
  Verifying  : python-devel-2.7.5-16.el7.x86_64                           17/32 
  Verifying  : SDL_ttf-2.0.11-4.el7.nux.x86_64                            18/32 
  Verifying  : pygame-1.9.1-15.el7.nux.x86_64                             19/32 
  Verifying  : libXxf86vm-devel-1.1.3-2.1.el7.x86_64                      20/32 
  Verifying  : libXfixes-devel-5.0.1-2.1.el7.x86_64                       21/32 
  Verifying  : scipy-0.12.1-3.el7.x86_64                                  22/32 
  Verifying  : libmikmod-3.2.0-21.el7.x86_64                              23/32 
  Verifying  : mesa-libGL-devel-9.2.5-6.20131218.el7_0.x86_64             24/32 
  Verifying  : 2:libpng-devel-1.5.13-5.el7.x86_64                         25/32 
  Verifying  : xorg-x11-proto-devel-7.7-8.el7.1.noarch                    26/32 
  Verifying  : SDL-devel-1.2.15-11.el7.x86_64                             27/32 
  Verifying  : cmake-2.8.11-4.el7.x86_64                                  28/32 
  Verifying  : SDL_mixer-1.2.12-4.el7.x86_64                              29/32 
  Verifying  : tesseract-3.02.02-4.el7.nux.x86_64                         30/32 
  Verifying  : alsa-lib-devel-1.0.27.2-3.el7.x86_64                       31/32 
  Verifying  : libXau-devel-1.0.8-2.1.el7.x86_64                          32/32 

Installed:
  SDL-devel.x86_64 0:1.2.15-11.el7      cmake.x86_64 0:2.8.11-4.el7            
  libpng-devel.x86_64 2:1.5.13-5.el7    pygame.x86_64 0:1.9.1-15.el7.nux       
  scipy.x86_64 0:0.12.1-3.el7           tesseract.x86_64 0:3.02.02-4.el7.nux   

Dependency Installed:
  SDL_image.x86_64 0:1.2.12-11.el7                                              
  SDL_mixer.x86_64 0:1.2.12-4.el7                                               
  SDL_ttf.x86_64 0:2.0.11-4.el7.nux                                             
  alsa-lib-devel.x86_64 0:1.0.27.2-3.el7                                        
  gl-manpages.noarch 0:1.1-7.20130122.el7                                       
  leptonica.x86_64 0:1.69-9.el7.nux                                             
  libX11-devel.x86_64 0:1.6.0-2.1.el7                                           
  libXau-devel.x86_64 0:1.0.8-2.1.el7                                           
  libXdamage-devel.x86_64 0:1.1.4-4.1.el7                                       
  libXext-devel.x86_64 0:1.3.2-2.1.el7                                          
  libXfixes-devel.x86_64 0:5.0.1-2.1.el7                                        
  libXrandr-devel.x86_64 0:1.4.1-2.1.el7                                        
  libXrender-devel.x86_64 0:0.9.8-2.1.el7                                       
  libXxf86vm-devel.x86_64 0:1.1.3-2.1.el7                                       
  libdrm-devel.x86_64 0:2.4.50-1.1.el7                                          
  libmikmod.x86_64 0:3.2.0-21.el7                                               
  libxcb-devel.x86_64 0:1.9-5.el7                                               
  mesa-libGL-devel.x86_64 0:9.2.5-6.20131218.el7_0                              
  mesa-libGLU-devel.x86_64 0:9.0.0-4.el7                                        
  numpy-f2py.x86_64 1:1.7.1-10.el7                                              
  portmidi.x86_64 0:217-11.el7.nux                                              
  python-devel.x86_64 0:2.7.5-16.el7                                            
  python-six.noarch 0:1.3.0-4.el7                                               
  suitesparse.x86_64 0:4.0.2-10.el7                                             
  tbb.x86_64 0:4.1-5.20130314.el7                                               
  xorg-x11-proto-devel.noarch 0:7.7-8.el7.1                                     

Complete!
